<?xml version="1.0" encoding="UTF-8"?>
<testsuite name="study.inflearn.array.problem02_03.ApplicationTest" tests="6" skipped="0" failures="0" errors="0" timestamp="2022-04-07T15:13:11" hostname="JUNGDOO" time="0.055">
  <properties/>
  <testcase name="[1] 5&#10;2 3 3 1 3&#10;1 1 2 2 3&#10;, A&#10;B&#10;A&#10;B&#10;D" classname="study.inflearn.array.problem02_03.ApplicationTest" time="0.042"/>
  <testcase name="[2] 10&#10;1 2 1 2 1 3 3 2 3 1 &#10;3 3 3 2 3 3 2 3 2 3 , A&#10;B&#10;A&#10;D&#10;A&#10;D&#10;A&#10;B&#10;A&#10;A" classname="study.inflearn.array.problem02_03.ApplicationTest" time="0.001"/>
  <testcase name="[3] 30&#10;1 1 3 1 3 3 3 2 2 2 3 3 1 1 1 3 1 2 1 2 3 1 2 1 1 1 3 2 1 1 &#10;2 2 2 2 3 1 2 2 2 3 1 1 3 3 3 1 1 2 3 2 2 3 2 2 2 1 1 1 2 3 , B&#10;B&#10;A&#10;B&#10;D&#10;B&#10;A&#10;D&#10;D&#10;B&#10;B&#10;B&#10;A&#10;A&#10;A&#10;B&#10;D&#10;D&#10;A&#10;D&#10;A&#10;A&#10;D&#10;B&#10;B&#10;D&#10;B&#10;A&#10;B&#10;A" classname="study.inflearn.array.problem02_03.ApplicationTest" time="0.001"/>
  <testcase name="[4] 50&#10;1 3 1 1 3 3 3 3 3 1 2 2 1 3 1 3 1 3 2 2 3 1 3 3 3 2 3 3 3 2 1 3 2 1 1 1 1 2 1 2 3 1 3 3 2 3 3 3 3 2 &#10;3 3 1 3 2 3 1 1 2 2 1 3 2 3 1 2 2 3 3 3 1 1 3 2 1 1 2 1 2 1 1 3 3 3 1 3 1 3 3 1 3 1 3 3 2 1 3 1 2 1 , A&#10;D&#10;D&#10;A&#10;A&#10;D&#10;B&#10;B&#10;A&#10;B&#10;A&#10;B&#10;B&#10;D&#10;D&#10;A&#10;B&#10;D&#10;B&#10;B&#10;B&#10;D&#10;D&#10;A&#10;B&#10;A&#10;A&#10;B&#10;A&#10;A&#10;D&#10;D&#10;B&#10;A&#10;D&#10;A&#10;D&#10;B&#10;A&#10;A&#10;D&#10;D&#10;D&#10;D&#10;D&#10;B&#10;D&#10;B&#10;A&#10;A" classname="study.inflearn.array.problem02_03.ApplicationTest" time="0.001"/>
  <testcase name="[5] 80&#10;1 2 1 2 3 3 3 1 3 2 3 2 1 1 3 3 3 2 2 3 1 1 3 3 1 3 1 2 1 2 1 3 1 3 3 1 2 2 2 2 2 3 2 2 2 1 3 1 2 3 1 1 3 2 2 2 3 1 1 3 2 3 1 1 1 1 2 2 2 1 1 1 1 1 2 3 3 1 2 1 &#10;2 1 1 1 2 1 1 1 1 2 2 2 1 3 2 1 3 2 1 3 1 1 1 2 3 1 3 2 2 1 3 2 2 3 3 2 1 2 3 1 1 1 2 2 1 2 3 1 2 3 1 3 2 2 2 1 1 3 2 3 2 3 3 1 2 1 3 2 2 3 1 1 3 1 2 1 1 2 2 2 , B&#10;A&#10;D&#10;A&#10;A&#10;B&#10;B&#10;D&#10;B&#10;D&#10;A&#10;D&#10;D&#10;A&#10;A&#10;B&#10;D&#10;D&#10;A&#10;D&#10;D&#10;D&#10;B&#10;A&#10;A&#10;B&#10;A&#10;D&#10;B&#10;A&#10;A&#10;A&#10;B&#10;D&#10;D&#10;B&#10;A&#10;D&#10;B&#10;A&#10;A&#10;B&#10;D&#10;D&#10;A&#10;B&#10;D&#10;D&#10;D&#10;D&#10;D&#10;A&#10;A&#10;D&#10;D&#10;A&#10;B&#10;A&#10;B&#10;D&#10;D&#10;D&#10;A&#10;D&#10;B&#10;D&#10;B&#10;D&#10;D&#10;A&#10;D&#10;D&#10;A&#10;D&#10;D&#10;B&#10;B&#10;B&#10;D&#10;B" classname="study.inflearn.array.problem02_03.ApplicationTest" time="0.001"/>
  <testcase name="[6] 100&#10;3 3 1 1 3 1 3 1 3 3 1 2 3 1 3 3 2 2 2 3 2 2 3 3 3 2 1 2 1 2 3 2 1 2 2 1 1 1 2 1 3 3 3 2 1 2 1 2 3 1 3 2 1 2 2 2 3 2 1 2 1 1 3 2 1 3 3 2 1 3 1 2 1 3 3 2 3 2 2 1 1 1 1 2 3 2 2 3 2 2 1 2 3 2 1 3 3 3 3 1 &#10;1 3 2 1 3 3 3 2 3 1 1 1 3 1 2 2 3 1 2 3 3 1 3 1 2 1 3 2 2 1 1 2 1 1 2 3 3 2 3 1 3 3 1 1 1 1 2 2 3 3 1 1 3 2 1 3 3 1 3 1 1 2 2 2 3 1 1 3 2 1 2 1 1 1 2 1 1 2 1 3 3 2 1 2 3 3 2 1 3 2 2 1 3 1 2 3 2 1 2 3 , B&#10;D&#10;B&#10;D&#10;D&#10;A&#10;D&#10;B&#10;D&#10;B&#10;D&#10;A&#10;D&#10;D&#10;A&#10;A&#10;B&#10;A&#10;D&#10;D&#10;B&#10;A&#10;D&#10;B&#10;A&#10;A&#10;A&#10;D&#10;B&#10;A&#10;B&#10;D&#10;D&#10;A&#10;D&#10;A&#10;A&#10;B&#10;B&#10;D&#10;D&#10;D&#10;B&#10;A&#10;D&#10;A&#10;B&#10;D&#10;D&#10;A&#10;B&#10;A&#10;A&#10;D&#10;A&#10;B&#10;D&#10;A&#10;A&#10;A&#10;D&#10;B&#10;A&#10;D&#10;A&#10;B&#10;B&#10;B&#10;B&#10;B&#10;B&#10;A&#10;D&#10;B&#10;A&#10;A&#10;B&#10;D&#10;A&#10;A&#10;A&#10;B&#10;D&#10;D&#10;D&#10;B&#10;D&#10;B&#10;B&#10;D&#10;B&#10;A&#10;D&#10;A&#10;B&#10;D&#10;A&#10;B&#10;A&#10;A" classname="study.inflearn.array.problem02_03.ApplicationTest" time="0.001"/>
  <system-out><![CDATA[]]></system-out>
  <system-err><![CDATA[]]></system-err>
</testsuite>
